This is pdfTeX, Version 3.141592653-2.6-1.40.24 (TeX Live 2022/Debian) (preloaded format=pdftex 2023.5.31)  24 AUG 2023 23:32
entering extended mode
 restricted \write18 enabled.
 %&-line parsing enabled.
**week1.dvi
(./week1.dvi
! Interruption.
<to be read again> 
                   ÷
l.1 ÷
     ^^B^^Aƒ’À^^\;^^@^^@^^@^^@^^Cè^^[ TeX output 2023.08.24:2332‹^^@^^@^^@^^...

? 
Missing character: There is no ÷ in font cmr10!
! Missing $ inserted.
<inserted text> 
                $
<to be read again> 
                   ^^A
l.1 ÷^^B^^A
           ƒ’À^^\;^^@^^@^^@^^@^^Cè^^[ TeX output 2023.08.24:2332‹^^@^^@^^@^^...

? 
! Text line contains an invalid character.
l.1 ...@ ı£^^@^^@ ^^B?^^@^^@ ş^^N^^@^^B’^^@Š^^?
                                                  /ó DÓít^^@^^QG®^^@^^QG®^^@...

? 
! Missing { inserted.
<to be read again> 
                   \par 
l.1 ...bmissionŸ^^]^^@^^A’^^@È¤‰ó!X«Q^^@^^L
                                                  ^^@^^@^^@^^L^^@^^@^^@^^Ecm...

? 
! Missing $ inserted.
<inserted text> 
                $
<to be read again> 
                   \par 
l.1 ...bmissionŸ^^]^^@^^A’^^@È¤‰ó!X«Q^^@^^L
                                                  ^^@^^@^^@^^L^^@^^@^^@^^Ecm...

? 
! Missing } inserted.
<inserted text> 
                }
<to be read again> 
                   $
<to be read again> 
                   \par 
l.1 ...bmissionŸ^^]^^@^^A’^^@È¤‰ó!X«Q^^@^^L
                                                  ^^@^^@^^@^^L^^@^^@^^@^^Ecm...

? 
Missing character: There is no ƒ in font cmr7!
Missing character: There is no ’ in font cmr10!
Missing character: There is no À in font cmr10!
Missing character: There is no è in font cmr10!
Missing character: There is no ‹ in font cmr10!
Missing character: There is no ÿ in font cmr7!
Missing character: There is no ÿ in font cmr10!
Missing character: There is no ÿ in font cmr10!
Missing character: There is no ÿ in font cmr10!
Missing character: There is no  in font cmr10!
Missing character: There is no ï in font cmr10!
Missing character: There is no  in font cmr10!
Missing character: There is no   in font cmr10!
Missing character: There is no  in font cmr10!
Missing character: There is no   in font cmr10!
Missing character: There is no ı in font cmr10!
Missing character: There is no £ in font cmr10!
Missing character: There is no   in font cmr10!
Missing character: There is no  in font cmr10!
Missing character: There is no   in font cmr10!
Missing character: There is no ş in font cmr10!
Missing character: There is no  in font cmr10!
Missing character: There is no ’ in font cmr10!
Missing character: There is no Š in font cmr10!
Missing character: There is no ó in font cmr10!
Missing character: There is no Ó in font cmr10!
Missing character: There is no í in font cmr10!
Missing character: There is no ® in font cmr10!
Missing character: There is no ® in font cmr10!
Missing character: There is no Ë in font cmr10!
Missing character: There is no – in font cmr10!
Missing character: There is no “ in font cmr10!
Missing character: There is no “ in font cmr10!
Missing character: There is no “ in font cmr10!
Missing character: There is no  in font cmr10!
Missing character: There is no Ÿ in font cmr10!
Missing character: There is no  in font cmr7!
Missing character: There is no  in font cmr10!
Missing character: There is no  in font cmr10!
Missing character: There is no  in font cmr10!
Missing character: There is no  in font cmr10!
Missing character: There is no ’ in font cmr10!
Missing character: There is no È in font cmr10!
Missing character: There is no ¤ in font cmr10!
Missing character: There is no ‰ in font cmr10!
Missing character: There is no ó in font cmr10!
Missing character: There is no « in font cmr10!

Overfull \hbox (72.68764pt too wide) in paragraph at lines 1--1
[]\tenrm ^^B$[] \tensy ^^T\tenrm ; \teni ^^L \tensy ^^E \teni TeXoutput\tenrm 2
023\teni :\tenrm 08\teni :\tenrm 24 : 2332[] \tensy 6\tenrm = \teni header \ten
rm = \teni l\tenrm 3\teni backend \tensy ^^@ \teni dvips:proy\tenrm ?\tensy 1
\teni =Dt \tensy ^^[ \teni G \tensy ^^[ \teni G\tensy :\teni cmr\tenrm 17\teni
 Problem\tensy :\tenrm 7\teni tSet\tenrm 1 \tensy ^^@|

\hbox(7.5+2.5)x469.75499, glue set - 1.0
.\hbox(0.0+0.0)x20.0
.\tenrm ^^B
.\mathon
.\hbox(0.0+0.0)x0.5, shifted 1.49998
.\glue(\thickmuskip) 2.77771 plus 2.77771
.etc.

Missing character: There is no Ì in font cmr10!
Missing character: There is no – in font cmr10!
Missing character: There is no ê in font cmr10!
Missing character: There is no ¨ in font cmr10!
Missing character: There is no ‘ in font cmr10!
Missing character: There is no ÿ in font cmr10!
Missing character: There is no “ in font cmr10!
Missing character: There is no  in font cmr10!
Missing character: There is no  in font cmr10!
Missing character: There is no  in font cmr10!
Missing character: There is no  in font cmr10!
Missing character: There is no  in font cmr10!
Missing character: There is no Ÿ in font cmr10!
Missing character: There is no  in font cmr10!
Missing character: There is no ’ in font cmr10!
Missing character: There is no À in font cmr10!
Missing character: There is no Ú in font cmr10!
Missing character: There is no õ in font cmr10!
Missing character: There is no – in font cmr10!
Missing character: There is no ê in font cmr10!
Missing character: There is no ¨ in font cmr10!
Missing character: There is no “ in font cmr10!
Missing character: There is no  in font cmr10!
Missing character: There is no Ÿ in font cmr10!
Missing character: There is no Â in font cmr10!
Missing character: There is no – in font cmr10!
Missing character: There is no “ in font cmr10!
Missing character: There is no  in font cmr10!
Missing character: There is no ¸ in font cmr10!
Missing character: There is no ã in font cmr10!
Missing character: There is no “ in font cmr10!
Missing character: There is no  in font cmr10!
Missing character: There is no  in font cmr10!
Missing character: There is no Ÿ in font cmr10!
Missing character: There is no  in font cmr10!
Missing character: There is no  in font cmr10!
Missing character: There is no ’ in font cmr10!
Missing character: There is no è in font cmr10!
Missing character: There is no  in font cmr10!
Missing character: There is no  in font cmr10!
Missing character: There is no  in font cmr10!
Missing character: There is no Œ in font cmr10!
Missing character: There is no ø in font cmr10!
! Missing $ inserted.
<inserted text> 
                $
<to be read again> 
                   ^^A
l.3 ...Ÿ^^^^^@^^@’^^@è^^@^^@1Œø^^@^^@^^@*^^A
                                                  ƒ’À^^\;^^@^^@^^@^^@^^Cè^^B...

? 
! Missing { inserted.
<to be read again> 
                   \par 
l.3 ...^By^^@^^@^^A—^^@^^@^^@^^G^^@^^Aó!X«Q^^@^^L
                                                  ^^@^^@^^@^^L^^@^^@^^@^^Ecm...

? 
! Missing $ inserted.
<inserted text> 
                $
<to be read again> 
                   \par 
l.3 ...^By^^@^^@^^A—^^@^^@^^@^^G^^@^^Aó!X«Q^^@^^L
                                                  ^^@^^@^^@^^L^^@^^@^^@^^Ecm...

? 
! Missing } inserted.
<inserted text> 
                }
<to be read again> 
                   $
<to be read again> 
                   \par 
l.3 ...^By^^@^^@^^A—^^@^^@^^@^^G^^@^^Aó!X«Q^^@^^L
                                                  ^^@^^@^^@^^L^^@^^@^^@^^Ecm...

? 
Missing character: There is no ƒ in font cmr7!
Missing character: There is no ’ in font cmr10!
Missing character: There is no À in font cmr10!
Missing character: There is no è in font cmr10!
Missing character: There is no — in font cmr7!
Missing character: There is no ó in font cmr7!
Missing character: There is no « in font cmr10!
Missing character: There is no ó in font cmr10!
Missing character: There is no Ó in font cmr10!
Missing character: There is no í in font cmr10!
Missing character: There is no ® in font cmr10!
Missing character: There is no ® in font cmr10!
Missing character: There is no ó in font cmr10!
Missing character: There is no ñ in font cmr10!
Missing character: There is no ù in font cmr10!
! Missing $ inserted.
<inserted text> 
                $
<to be read again> 
   